Flat profile:

Each sample counts as 0.01 seconds.
  %   cumulative   self              self     total           
 time   seconds   seconds    calls  ms/call  ms/call  name    
 26.93      0.07     0.07 23479157     0.00     0.00  game_cache_get
 23.08      0.13     0.06                             _init
 11.54      0.16     0.03                             flush_game_entity_cache
  7.69      0.18     0.02 23457875     0.00     0.00  game_world_dirty
  7.69      0.20     0.02     7055     0.00     0.00  draw_uiwin
  3.85      0.21     0.01    10380     0.00     0.00  game_cache_set
  3.85      0.22     0.01     7062     0.00     0.00  timer_sleep
  3.85      0.23     0.01     5297     0.00     0.00  update_game_world
  3.85      0.24     0.01        1    10.00   148.63  schedule_run
  3.85      0.25     0.01                             draw_gamewin_nogui
  1.92      0.26     0.01    14127     0.00     0.00  timer_now
  1.92      0.26     0.01        1     5.00     5.00  timer_init
  0.00      0.26     0.00   107671     0.00     0.00  timer_diff_milisec
  0.00      0.26     0.00    95357     0.00     0.00  qu_empty
  0.00      0.26     0.00    84660     0.00     0.00  keyid_to_string
  0.00      0.26     0.00    49393     0.00     0.00  draw_line
  0.00      0.26     0.00    49385     0.00     0.00  draw_clock_needle
  0.00      0.26     0.00    47673     0.00     0.00  qu_dequeue
  0.00      0.26     0.00    42387     0.00     0.00  qu_enqueue
  0.00      0.26     0.00    42387     0.00     0.00  qu_full
  0.00      0.26     0.00    40604     0.00     0.00  kb_down
  0.00      0.26     0.00    35306     0.00     0.00  rq_run
  0.00      0.26     0.00    30454     0.00     0.00  topleft_coordinate
  0.00      0.26     0.00    26485     0.00     0.00  qu_next
  0.00      0.26     0.00    21188     0.00     0.00  tick_entity_behaviour
  0.00      0.26     0.00    21168     0.00     0.00  qu_get
  0.00      0.26     0.00    16040     0.00     0.00  vec2_dot
  0.00      0.26     0.00    15891     0.00     0.00  default_find_path
  0.00      0.26     0.00    15891     0.00     0.00  default_tick
  0.00      0.26     0.00    15264     0.00     0.00  chunk_ht_hash
  0.00      0.26     0.00    15254     0.00     0.00  chunk_lookup
  0.00      0.26     0.00    15254     0.00     0.00  ht_entry
  0.00      0.26     0.00    15254     0.00     0.00  ht_lookup
  0.00      0.26     0.00    15227     0.00     0.00  world_getxy
  0.00      0.26     0.00    14124     0.00     0.00  timer_diff
  0.00      0.26     0.00    14110     0.00     0.00  sign_of_int
  0.00      0.26     0.00    14110     0.00     0.00  st_peek
  0.00      0.26     0.00    12030     0.00     0.00  lerp
  0.00      0.26     0.00    11902     0.00     0.00  set_entity_facing
  0.00      0.26     0.00    10785     0.00     0.00  game_world_getxy
  0.00      0.26     0.00     8020     0.00     0.00  fade
  0.00      0.26     0.00     7062     0.00     0.00  timer_synchronize
  0.00      0.26     0.00     7061     0.00     0.00  jobMain
  0.00      0.26     0.00     7061     0.00     0.02  jobUI
  0.00      0.26     0.00     7061     0.00     0.00  wake_tasks
  0.00      0.26     0.00     7060     0.00     0.00  jobIO
  0.00      0.26     0.00     7060     0.00     0.00  jobInput
  0.00      0.26     0.00     7060     0.00     0.00  keyboard_poll
  0.00      0.26     0.00     7060     0.00     0.00  timer_ready
  0.00      0.26     0.00     7055     0.00     0.02  UI_loop
  0.00      0.26     0.00     7055     0.00     0.00  UI_update_time
  0.00      0.26     0.00     7055     0.00     0.01  draw_gamewin
  0.00      0.26     0.00     7055     0.00     0.00  draw_keyboard_state
  0.00      0.26     0.00     7055     0.00     0.02  draw_main_menu
  0.00      0.26     0.00     7055     0.00     0.00  draw_rt_clock
  0.00      0.26     0.00     5302     0.00     0.00  tk_sleep
  0.00      0.26     0.00     5300     0.00     0.00  ll_full
  0.00      0.26     0.00     5300     0.00     0.00  ll_insert
  0.00      0.26     0.00     5298     0.00     0.00  ll_empty
  0.00      0.26     0.00     5297     0.00     0.00  ll_rm
  0.00      0.26     0.00     5297     0.00     0.00  player_tick
  0.00      0.26     0.00     5297     0.00     0.00  qu_peek
  0.00      0.26     0.00     4010     0.00     0.00  perlin_noise_2D
  0.00      0.26     0.00     2000     0.00     0.00  chunk_populate_mountains
  0.00      0.26     0.00     2000     0.00     0.00  chunk_populate_plains
  0.00      0.26     0.00     1140     0.00     0.00  gamew_cache_set
  0.00      0.26     0.00      568     0.00     0.00  game_on_screen
  0.00      0.26     0.00       54     0.00     0.00  man_dist
  0.00      0.26     0.00       17     0.00     0.00  timer_never
  0.00      0.26     0.00       10     0.00     0.00  _chunk_create
  0.00      0.26     0.00       10     0.00     0.00  chunk_arena_next
  0.00      0.26     0.00       10     0.00     0.00  chunk_determine_type
  0.00      0.26     0.00       10     0.00     0.00  chunk_get_free
  0.00      0.26     0.00       10     0.00     0.00  chunk_populate
  0.00      0.26     0.00       10     0.00     0.00  ht_insert
  0.00      0.26     0.00        9     0.00     0.00  chunk_insert
  0.00      0.26     0.00        9     0.00     0.00  chunk_nearest
  0.00      0.26     0.00        9     0.00     0.00  is_arena_full
  0.00      0.26     0.00        9     0.00     0.00  qu_init
  0.00      0.26     0.00        8     0.00     0.00  create_entity_type
  0.00      0.26     0.00        8     0.00     0.00  create_skin
  0.00      0.26     0.00        5     0.00     0.00  create_task
  0.00      0.26     0.00        5     0.00     0.00  rq_add
  0.00      0.26     0.00        5     0.00     0.00  rq_full
  0.00      0.26     0.00        5     0.00     0.00  schedule_cb
  0.00      0.26     0.00        5     0.00     0.00  tk_kill
  0.00      0.26     0.00        4     0.00     0.00  create_default_entity_controller
  0.00      0.26     0.00        4     0.00     0.00  entity_spawn
  0.00      0.26     0.00        4     0.00     0.00  rm_task
  0.00      0.26     0.00        4     0.00     0.00  rq_empty
  0.00      0.26     0.00        4     0.00     0.00  rq_pop
  0.00      0.26     0.00        4     0.00     0.00  st_init
  0.00      0.26     0.00        4     0.00     0.00  window_insert_draw_func
  0.00      0.26     0.00        3     0.00     0.00  free_window
  0.00      0.26     0.00        3     0.00     0.00  init_window
  0.00      0.26     0.00        3     0.00     0.00  ll_init
  0.00      0.26     0.00        3     0.00     0.00  schedule
  0.00      0.26     0.00        3     0.00     0.00  window_mgr_add
  0.00      0.26     0.00        2     0.00     0.00  _draw_square
  0.00      0.26     0.00        2     0.00     0.00  box_win
  0.00      0.26     0.00        2     0.00     0.00  draw_square
  0.00      0.26     0.00        2     0.00     0.00  noise_init
  0.00      0.26     0.00        2     0.00     0.00  rq_init
  0.00      0.26     0.00        2     0.00     0.00  rq_kill_all_tasks
  0.00      0.26     0.00        2     0.00     0.00  scheduler_new_rq
  0.00      0.26     0.00        2     0.00     0.00  scheduler_new_rq_
  0.00      0.26     0.00        1     0.00     0.00  UI_exit
  0.00      0.26     0.00        1     0.00     6.41  UI_init
  0.00      0.26     0.00        1     0.00     0.00  cb_exit
  0.00      0.26     0.00        1     0.00     0.00  checkifNULL
  0.00      0.26     0.00        1     0.00     0.00  chunk_create
  0.00      0.26     0.00        1     0.00     0.00  chunk_free_all
  0.00      0.26     0.00        1     0.00     0.00  chunk_init_arena
  0.00      0.26     0.00        1     0.00     0.00  entity_set_keyboard_controller
  0.00      0.26     0.00        1     0.00     0.00  exit_state
  0.00      0.26     0.00        1     0.00     6.41  flush_world_entity_cache
  0.00      0.26     0.00        1     0.00     0.00  game_free
  0.00      0.26     0.00        1     0.00     0.00  game_get_context
  0.00      0.26     0.00        1     0.00     6.41  game_init
  0.00      0.26     0.00        1     0.00     0.00  ht_init
  0.00      0.26     0.00        1     0.00    11.41  init
  0.00      0.26     0.00        1     0.00     0.00  init_colors
  0.00      0.26     0.00        1     0.00     0.00  init_entity_types
  0.00      0.26     0.00        1     0.00     0.00  init_skins
  0.00      0.26     0.00        1     0.00     0.00  keyboard_init
  0.00      0.26     0.00        1     0.00     0.00  kill_all_tasks
  0.00      0.26     0.00        1     0.00     0.00  noise_free
  0.00      0.26     0.00        1     0.00     0.00  rqll_kill_all_tasks
  0.00      0.26     0.00        1     0.00     0.00  scheduler_free
  0.00      0.26     0.00        1     0.00     0.00  scheduler_init
  0.00      0.26     0.00        1     0.00     0.00  st_full
  0.00      0.26     0.00        1     0.00     0.00  st_push
  0.00      0.26     0.00        1     0.00     0.00  window_mgr_free
  0.00      0.26     0.00        1     0.00     0.00  window_mgr_init
  0.00      0.26     0.00        1     0.00     0.00  world_free
  0.00      0.26     0.00        1     0.00     0.00  world_init

 %         the percentage of the total running time of the
time       program used by this function.

cumulative a running sum of the number of seconds accounted
 seconds   for by this function and those listed above it.

 self      the number of seconds accounted for by this
seconds    function alone.  This is the major sort for this
           listing.

calls      the number of times this function was invoked, if
           this function is profiled, else blank.

 self      the average number of milliseconds spent in this
ms/call    function per call, if this function is profiled,
	   else blank.

 total     the average number of milliseconds spent in this
ms/call    function and its descendents per call, if this
	   function is profiled, else blank.

name       the name of the function.  This is the minor sort
           for this listing. The index shows the location of
	   the function in the gprof listing. If the index is
	   in parenthesis it shows where it would appear in
	   the gprof listing if it were to be printed.

Copyright (C) 2012-2025 Free Software Foundation, Inc.

Copying and distribution of this file, with or without modification,
are permitted in any medium without royalty provided the copyright
notice and this notice are preserved.

		     Call graph (explanation follows)


granularity: each sample hit covers 2 byte(s) for 3.85% of 0.26 seconds

index % time    self  children    called     name
                                                 <spontaneous>
[1]     61.5    0.00    0.16                 main [1]
                0.01    0.14       1/1           schedule_run [2]
                0.00    0.01       1/1           init [14]
                0.00    0.00       3/4           st_init [96]
                0.00    0.00       2/3           schedule [101]
                0.00    0.00       2/5           schedule_cb [89]
                0.00    0.00       1/1           exit_state [117]
-----------------------------------------------
                0.01    0.14       1/1           main [1]
[2]     57.2    0.01    0.14       1         schedule_run [2]
                0.00    0.12   35306/35306       rq_run [3]
                0.00    0.02    7062/7062        timer_synchronize [13]
-----------------------------------------------
                0.00    0.12   35306/35306       schedule_run [2]
[3]     47.5    0.00    0.12   35306         rq_run [3]
                0.00    0.11    7061/7061        jobUI [4]
                0.01    0.00    5297/5297        update_game_world [17]
                0.00    0.00    7061/7061        jobMain [52]
                0.00    0.00    7060/7060        jobIO [54]
                0.00    0.00    7060/7060        jobInput [55]
                0.00    0.00       4/4           rq_pop [95]
                0.00    0.00       1/1           cb_exit [111]
-----------------------------------------------
                0.00    0.11    7061/7061        rq_run [3]
[4]     43.7    0.00    0.11    7061         jobUI [4]
                0.00    0.11    7055/7055        UI_loop [5]
                0.00    0.00    7060/107671      timer_diff_milisec [25]
                0.00    0.00    7055/7055        UI_update_time [58]
-----------------------------------------------
                0.00    0.11    7055/7055        jobUI [4]
[5]     43.7    0.00    0.11    7055         UI_loop [5]
                0.00    0.11    7055/7055        draw_main_menu [6]
                0.00    0.00   14110/14110       st_peek [48]
-----------------------------------------------
                0.00    0.11    7055/7055        UI_loop [5]
[6]     43.7    0.00    0.11    7055         draw_main_menu [6]
                0.00    0.09    7055/7055        draw_gamewin [7]
                0.02    0.00    7055/7055        draw_uiwin [12]
                0.00    0.00   21165/21168       qu_get [37]
-----------------------------------------------
                0.00    0.09    7055/7055        draw_main_menu [6]
[7]     36.0    0.00    0.09    7055         draw_gamewin [7]
                0.02    0.07 23457875/23457875     game_world_dirty [8]
                0.00    0.00    3730/10380       game_cache_set [15]
                0.00    0.00    3730/10785       game_world_getxy [24]
-----------------------------------------------
                0.02    0.07 23457875/23457875     draw_gamewin [7]
[8]     34.6    0.02    0.07 23457875         game_world_dirty [8]
                0.07    0.00 23457875/23479157     game_cache_get [9]
-----------------------------------------------
                0.00    0.00   21282/23479157     game_world_getxy [24]
                0.07    0.00 23457875/23479157     game_world_dirty [8]
[9]     26.9    0.07    0.00 23479157         game_cache_get [9]
-----------------------------------------------
                                                 <spontaneous>
[10]    23.1    0.06    0.00                 _init [10]
-----------------------------------------------
                                                 <spontaneous>
[11]    11.5    0.03    0.00                 flush_game_entity_cache [11]
-----------------------------------------------
                0.02    0.00    7055/7055        draw_main_menu [6]
[12]     7.7    0.02    0.00    7055         draw_uiwin [12]
                0.00    0.00    7055/10785       game_world_getxy [24]
                0.00    0.00   14110/14110       sign_of_int [47]
                0.00    0.00    7055/7055        draw_rt_clock [60]
                0.00    0.00    7055/7055        draw_keyboard_state [59]
-----------------------------------------------
                0.00    0.02    7062/7062        schedule_run [2]
[13]     5.8    0.00    0.02    7062         timer_synchronize [13]
                0.01    0.00    7062/7062        timer_sleep [16]
                0.01    0.00   14124/14127       timer_now [23]
                0.00    0.00   14124/14124       timer_diff [46]
-----------------------------------------------
                0.00    0.01       1/1           main [1]
[14]     4.4    0.00    0.01       1         init [14]
                0.00    0.01       1/1           UI_init [19]
                0.01    0.00       1/1           timer_init [22]
                0.00    0.00       1/1           scheduler_init [129]
                0.00    0.00       1/2           scheduler_new_rq [108]
                0.00    0.00       1/1           checkifNULL [112]
                0.00    0.00       1/1           keyboard_init [124]
-----------------------------------------------
                0.00    0.00    3730/10380       draw_gamewin [7]
                0.01    0.00    6650/10380       flush_world_entity_cache [20]
[15]     3.8    0.01    0.00   10380         game_cache_set [15]
-----------------------------------------------
                0.01    0.00    7062/7062        timer_synchronize [13]
[16]     3.8    0.01    0.00    7062         timer_sleep [16]
-----------------------------------------------
                0.01    0.00    5297/5297        rq_run [3]
[17]     3.8    0.01    0.00    5297         update_game_world [17]
                0.00    0.00   26485/26485       qu_next [35]
                0.00    0.00   15891/15891       default_tick [40]
                0.00    0.00    5297/5297        qu_peek [67]
                0.00    0.00    5297/5297        player_tick [66]
                0.00    0.00    5297/5302        tk_sleep [61]
-----------------------------------------------
                                                 <spontaneous>
[18]     3.8    0.01    0.00                 draw_gamewin_nogui [18]
-----------------------------------------------
                0.00    0.01       1/1           init [14]
[19]     2.5    0.00    0.01       1         UI_init [19]
                0.00    0.01       1/1           game_init [21]
                0.00    0.00       4/4           window_insert_draw_func [97]
                0.00    0.00       3/3           window_mgr_add [102]
                0.00    0.00       2/2           box_win [103]
                0.00    0.00       1/4           st_init [96]
                0.00    0.00       1/1           st_push [131]
                0.00    0.00       1/1           window_mgr_init [133]
                0.00    0.00       1/1           init_colors [121]
                0.00    0.00       1/2           noise_init [105]
-----------------------------------------------
                0.00    0.01       1/1           game_init [21]
[20]     2.5    0.00    0.01       1         flush_world_entity_cache [20]
                0.01    0.00    6650/10380       game_cache_set [15]
                0.00    0.00    3325/15227       world_getxy [45]
-----------------------------------------------
                0.00    0.01       1/1           UI_init [19]
[21]     2.5    0.00    0.01       1         game_init [21]
                0.00    0.01       1/1           flush_world_entity_cache [20]
                0.00    0.00       4/4           entity_spawn [92]
                0.00    0.00       1/1           init_entity_types [122]
                0.00    0.00       1/1           init_skins [123]
                0.00    0.00       1/1           world_init [135]
                0.00    0.00       1/1           entity_set_keyboard_controller [116]
                0.00    0.00       1/2           scheduler_new_rq [108]
                0.00    0.00       1/3           schedule [101]
-----------------------------------------------
                0.01    0.00       1/1           init [14]
[22]     1.9    0.01    0.00       1         timer_init [22]
                0.00    0.00       3/14127       timer_now [23]
-----------------------------------------------
                0.00    0.00       3/14127       timer_init [22]
                0.01    0.00   14124/14127       timer_synchronize [13]
[23]     1.9    0.01    0.00   14127         timer_now [23]
-----------------------------------------------
                0.00    0.00    3730/10785       draw_gamewin [7]
                0.00    0.00    7055/10785       draw_uiwin [12]
[24]     0.0    0.00    0.00   10785         game_world_getxy [24]
                0.00    0.00   21282/23479157     game_cache_get [9]
-----------------------------------------------
                0.00    0.00    7060/107671      jobUI [4]
                0.00    0.00   15891/107671      tick_entity_behaviour [36]
                0.00    0.00   84720/107671      keyboard_poll [56]
[25]     0.0    0.00    0.00  107671         timer_diff_milisec [25]
-----------------------------------------------
                0.00    0.00    5297/95357       player_tick [66]
                0.00    0.00   42387/95357       qu_enqueue [31]
                0.00    0.00   47673/95357       qu_dequeue [30]
[26]     0.0    0.00    0.00   95357         qu_empty [26]
-----------------------------------------------
                0.00    0.00   84660/84660       draw_keyboard_state [59]
[27]     0.0    0.00    0.00   84660         keyid_to_string [27]
-----------------------------------------------
                0.00    0.00       8/49393       _draw_square [189]
                0.00    0.00   49385/49393       draw_clock_needle [29]
[28]     0.0    0.00    0.00   49393         draw_line [28]
-----------------------------------------------
                0.00    0.00   49385/49385       draw_rt_clock [60]
[29]     0.0    0.00    0.00   49385         draw_clock_needle [29]
                0.00    0.00   49385/49393       draw_line [28]
-----------------------------------------------
                0.00    0.00   21188/47673       tick_entity_behaviour [36]
                0.00    0.00   26485/47673       qu_next [35]
[30]     0.0    0.00    0.00   47673         qu_dequeue [30]
                0.00    0.00   47673/95357       qu_empty [26]
-----------------------------------------------
                0.00    0.00       3/42387       window_mgr_add [102]
                0.00    0.00       4/42387       entity_spawn [92]
                0.00    0.00       4/42387       window_insert_draw_func [97]
                0.00    0.00   15891/42387       default_tick [40]
                0.00    0.00   26485/42387       qu_next [35]
[31]     0.0    0.00    0.00   42387         qu_enqueue [31]
                0.00    0.00   42387/42387       qu_full [32]
                0.00    0.00   42387/95357       qu_empty [26]
-----------------------------------------------
                0.00    0.00   42387/42387       qu_enqueue [31]
[32]     0.0    0.00    0.00   42387         qu_full [32]
-----------------------------------------------
                0.00    0.00   14119/40604       jobInput [55]
                0.00    0.00   26485/40604       player_tick [66]
[33]     0.0    0.00    0.00   40604         kb_down [33]
-----------------------------------------------
                0.00    0.00   30454/30454       world_getxy [45]
[34]     0.0    0.00    0.00   30454         topleft_coordinate [34]
-----------------------------------------------
                0.00    0.00   26485/26485       update_game_world [17]
[35]     0.0    0.00    0.00   26485         qu_next [35]
                0.00    0.00   26485/47673       qu_dequeue [30]
                0.00    0.00   26485/42387       qu_enqueue [31]
-----------------------------------------------
                0.00    0.00    5297/21188       player_tick [66]
                0.00    0.00   15891/21188       default_tick [40]
[36]     0.0    0.00    0.00   21188         tick_entity_behaviour [36]
                0.00    0.00   21188/47673       qu_dequeue [30]
                0.00    0.00   15891/107671      timer_diff_milisec [25]
                0.00    0.00    1136/1140        gamew_cache_set [71]
                0.00    0.00     568/568         game_on_screen [72]
-----------------------------------------------
                0.00    0.00       3/21168       window_mgr_free [132]
                0.00    0.00   21165/21168       draw_main_menu [6]
[37]     0.0    0.00    0.00   21168         qu_get [37]
-----------------------------------------------
                0.00    0.00   16040/16040       perlin_noise_2D [68]
[38]     0.0    0.00    0.00   16040         vec2_dot [38]
-----------------------------------------------
                0.00    0.00   15891/15891       default_tick [40]
[39]     0.0    0.00    0.00   15891         default_find_path [39]
                0.00    0.00   11902/11902       set_entity_facing [50]
-----------------------------------------------
                0.00    0.00   15891/15891       update_game_world [17]
[40]     0.0    0.00    0.00   15891         default_tick [40]
                0.00    0.00   15891/15891       default_find_path [39]
                0.00    0.00   15891/21188       tick_entity_behaviour [36]
                0.00    0.00   15891/42387       qu_enqueue [31]
-----------------------------------------------
                0.00    0.00      10/15264       _chunk_create [188]
                0.00    0.00   15254/15264       chunk_lookup [42]
[41]     0.0    0.00    0.00   15264         chunk_ht_hash [41]
-----------------------------------------------
                0.00    0.00      27/15254       chunk_insert [80]
                0.00    0.00   15227/15254       world_getxy [45]
[42]     0.0    0.00    0.00   15254         chunk_lookup [42]
                0.00    0.00   15254/15264       chunk_ht_hash [41]
                0.00    0.00   15254/15254       ht_lookup [44]
-----------------------------------------------
                0.00    0.00   15254/15254       ht_lookup [44]
[43]     0.0    0.00    0.00   15254         ht_entry [43]
-----------------------------------------------
                0.00    0.00   15254/15254       chunk_lookup [42]
[44]     0.0    0.00    0.00   15254         ht_lookup [44]
                0.00    0.00   15254/15254       ht_entry [43]
-----------------------------------------------
                0.00    0.00    3325/15227       flush_world_entity_cache [20]
                0.00    0.00   11902/15227       set_entity_facing [50]
[45]     0.0    0.00    0.00   15227         world_getxy [45]
                0.00    0.00   30454/30454       topleft_coordinate [34]
                0.00    0.00   15227/15254       chunk_lookup [42]
                0.00    0.00       9/9           chunk_nearest [81]
                0.00    0.00       9/9           chunk_insert [80]
-----------------------------------------------
                0.00    0.00   14124/14124       timer_synchronize [13]
[46]     0.0    0.00    0.00   14124         timer_diff [46]
-----------------------------------------------
                0.00    0.00   14110/14110       draw_uiwin [12]
[47]     0.0    0.00    0.00   14110         sign_of_int [47]
-----------------------------------------------
                0.00    0.00   14110/14110       UI_loop [5]
[48]     0.0    0.00    0.00   14110         st_peek [48]
-----------------------------------------------
                0.00    0.00   12030/12030       perlin_noise_2D [68]
[49]     0.0    0.00    0.00   12030         lerp [49]
-----------------------------------------------
                0.00    0.00   11902/11902       default_find_path [39]
[50]     0.0    0.00    0.00   11902         set_entity_facing [50]
                0.00    0.00   11902/15227       world_getxy [45]
-----------------------------------------------
                0.00    0.00    8020/8020        perlin_noise_2D [68]
[51]     0.0    0.00    0.00    8020         fade [51]
-----------------------------------------------
                0.00    0.00    7061/7061        rq_run [3]
[52]     0.0    0.00    0.00    7061         jobMain [52]
                0.00    0.00    7061/7061        wake_tasks [53]
-----------------------------------------------
                0.00    0.00    7061/7061        jobMain [52]
[53]     0.0    0.00    0.00    7061         wake_tasks [53]
                0.00    0.00    7060/7060        timer_ready [57]
                0.00    0.00    5297/5297        ll_rm [65]
-----------------------------------------------
                0.00    0.00    7060/7060        rq_run [3]
[54]     0.0    0.00    0.00    7060         jobIO [54]
-----------------------------------------------
                0.00    0.00    7060/7060        rq_run [3]
[55]     0.0    0.00    0.00    7060         jobInput [55]
                0.00    0.00   14119/40604       kb_down [33]
                0.00    0.00    7060/7060        keyboard_poll [56]
                0.00    0.00       1/5           tk_kill [90]
-----------------------------------------------
                0.00    0.00    7060/7060        jobInput [55]
[56]     0.0    0.00    0.00    7060         keyboard_poll [56]
                0.00    0.00   84720/107671      timer_diff_milisec [25]
-----------------------------------------------
                0.00    0.00    7060/7060        wake_tasks [53]
[57]     0.0    0.00    0.00    7060         timer_ready [57]
-----------------------------------------------
                0.00    0.00    7055/7055        jobUI [4]
[58]     0.0    0.00    0.00    7055         UI_update_time [58]
-----------------------------------------------
                0.00    0.00    7055/7055        draw_uiwin [12]
[59]     0.0    0.00    0.00    7055         draw_keyboard_state [59]
                0.00    0.00   84660/84660       keyid_to_string [27]
-----------------------------------------------
                0.00    0.00    7055/7055        draw_uiwin [12]
[60]     0.0    0.00    0.00    7055         draw_rt_clock [60]
                0.00    0.00   49385/49385       draw_clock_needle [29]
-----------------------------------------------
                0.00    0.00       5/5302        create_task [86]
                0.00    0.00    5297/5302        update_game_world [17]
[61]     0.0    0.00    0.00    5302         tk_sleep [61]
                0.00    0.00    5297/5300        ll_insert [63]
-----------------------------------------------
                0.00    0.00    5300/5300        ll_insert [63]
[62]     0.0    0.00    0.00    5300         ll_full [62]
-----------------------------------------------
                0.00    0.00       1/5300        create_task [86]
                0.00    0.00       2/5300        scheduler_new_rq_ [109]
                0.00    0.00    5297/5300        tk_sleep [61]
[63]     0.0    0.00    0.00    5300         ll_insert [63]
                0.00    0.00    5300/5300        ll_full [62]
-----------------------------------------------
                0.00    0.00       1/5298        rqll_kill_all_tasks [127]
                0.00    0.00    5297/5298        ll_rm [65]
[64]     0.0    0.00    0.00    5298         ll_empty [64]
-----------------------------------------------
                0.00    0.00    5297/5297        wake_tasks [53]
[65]     0.0    0.00    0.00    5297         ll_rm [65]
                0.00    0.00    5297/5298        ll_empty [64]
-----------------------------------------------
                0.00    0.00    5297/5297        update_game_world [17]
[66]     0.0    0.00    0.00    5297         player_tick [66]
                0.00    0.00   26485/40604       kb_down [33]
                0.00    0.00    5297/95357       qu_empty [26]
                0.00    0.00    5297/21188       tick_entity_behaviour [36]
-----------------------------------------------
                0.00    0.00    5297/5297        update_game_world [17]
[67]     0.0    0.00    0.00    5297         qu_peek [67]
-----------------------------------------------
                0.00    0.00      10/4010        chunk_determine_type [76]
                0.00    0.00    4000/4010        chunk_populate [78]
[68]     0.0    0.00    0.00    4010         perlin_noise_2D [68]
                0.00    0.00   16040/16040       vec2_dot [38]
                0.00    0.00   12030/12030       lerp [49]
                0.00    0.00    8020/8020        fade [51]
-----------------------------------------------
                0.00    0.00    2000/2000        chunk_populate [78]
[69]     0.0    0.00    0.00    2000         chunk_populate_mountains [69]
-----------------------------------------------
                0.00    0.00    2000/2000        chunk_populate [78]
[70]     0.0    0.00    0.00    2000         chunk_populate_plains [70]
-----------------------------------------------
                0.00    0.00       4/1140        entity_spawn [92]
                0.00    0.00    1136/1140        tick_entity_behaviour [36]
[71]     0.0    0.00    0.00    1140         gamew_cache_set [71]
-----------------------------------------------
                0.00    0.00     568/568         tick_entity_behaviour [36]
[72]     0.0    0.00    0.00     568         game_on_screen [72]
-----------------------------------------------
                0.00    0.00      54/54          chunk_nearest [81]
[73]     0.0    0.00    0.00      54         man_dist [73]
-----------------------------------------------
                0.00    0.00       4/17          create_task [86]
                0.00    0.00      13/17          keyboard_init [124]
[74]     0.0    0.00    0.00      17         timer_never [74]
-----------------------------------------------
                0.00    0.00      10/10          chunk_get_free [77]
[75]     0.0    0.00    0.00      10         chunk_arena_next [75]
-----------------------------------------------
                0.00    0.00      10/10          _chunk_create [188]
[76]     0.0    0.00    0.00      10         chunk_determine_type [76]
                0.00    0.00      10/4010        perlin_noise_2D [68]
-----------------------------------------------
                0.00    0.00      10/10          _chunk_create [188]
[77]     0.0    0.00    0.00      10         chunk_get_free [77]
                0.00    0.00      10/10          chunk_arena_next [75]
                0.00    0.00       9/9           is_arena_full [82]
                0.00    0.00       1/1           chunk_init_arena [115]
-----------------------------------------------
                0.00    0.00      10/10          _chunk_create [188]
[78]     0.0    0.00    0.00      10         chunk_populate [78]
                0.00    0.00    4000/4010        perlin_noise_2D [68]
                0.00    0.00    2000/2000        chunk_populate_mountains [69]
                0.00    0.00    2000/2000        chunk_populate_plains [70]
-----------------------------------------------
                0.00    0.00      10/10          _chunk_create [188]
[79]     0.0    0.00    0.00      10         ht_insert [79]
-----------------------------------------------
                0.00    0.00       9/9           world_getxy [45]
[80]     0.0    0.00    0.00       9         chunk_insert [80]
                0.00    0.00      27/15254       chunk_lookup [42]
                0.00    0.00       9/10          _chunk_create [188]
-----------------------------------------------
                0.00    0.00       9/9           world_getxy [45]
[81]     0.0    0.00    0.00       9         chunk_nearest [81]
                0.00    0.00      54/54          man_dist [73]
-----------------------------------------------
                0.00    0.00       9/9           chunk_get_free [77]
[82]     0.0    0.00    0.00       9         is_arena_full [82]
-----------------------------------------------
                0.00    0.00       1/9           window_mgr_init [133]
                0.00    0.00       1/9           world_init [135]
                0.00    0.00       3/9           init_window [99]
                0.00    0.00       4/9           create_default_entity_controller [91]
[83]     0.0    0.00    0.00       9         qu_init [83]
-----------------------------------------------
                0.00    0.00       8/8           init_entity_types [122]
[84]     0.0    0.00    0.00       8         create_entity_type [84]
-----------------------------------------------
                0.00    0.00       8/8           init_skins [123]
[85]     0.0    0.00    0.00       8         create_skin [85]
-----------------------------------------------
                0.00    0.00       5/5           rq_add [87]
[86]     0.0    0.00    0.00       5         create_task [86]
                0.00    0.00       5/5302        tk_sleep [61]
                0.00    0.00       4/17          timer_never [74]
                0.00    0.00       1/5300        ll_insert [63]
-----------------------------------------------
                0.00    0.00       5/5           schedule_cb [89]
[87]     0.0    0.00    0.00       5         rq_add [87]
                0.00    0.00       5/5           rq_full [88]
                0.00    0.00       5/5           create_task [86]
-----------------------------------------------
                0.00    0.00       5/5           rq_add [87]
[88]     0.0    0.00    0.00       5         rq_full [88]
-----------------------------------------------
                0.00    0.00       2/5           main [1]
                0.00    0.00       3/5           schedule [101]
[89]     0.0    0.00    0.00       5         schedule_cb [89]
                0.00    0.00       5/5           rq_add [87]
-----------------------------------------------
                0.00    0.00       1/5           jobInput [55]
                0.00    0.00       4/5           rq_kill_all_tasks [107]
[90]     0.0    0.00    0.00       5         tk_kill [90]
-----------------------------------------------
                0.00    0.00       4/4           entity_spawn [92]
[91]     0.0    0.00    0.00       4         create_default_entity_controller [91]
                0.00    0.00       4/9           qu_init [83]
-----------------------------------------------
                0.00    0.00       4/4           game_init [21]
[92]     0.0    0.00    0.00       4         entity_spawn [92]
                0.00    0.00       4/4           create_default_entity_controller [91]
                0.00    0.00       4/42387       qu_enqueue [31]
                0.00    0.00       4/1140        gamew_cache_set [71]
-----------------------------------------------
                0.00    0.00       4/4           rq_pop [95]
[93]     0.0    0.00    0.00       4         rm_task [93]
-----------------------------------------------
                0.00    0.00       4/4           rq_pop [95]
[94]     0.0    0.00    0.00       4         rq_empty [94]
-----------------------------------------------
                0.00    0.00       4/4           rq_run [3]
[95]     0.0    0.00    0.00       4         rq_pop [95]
                0.00    0.00       4/4           rq_empty [94]
                0.00    0.00       4/4           rm_task [93]
-----------------------------------------------
                0.00    0.00       1/4           UI_init [19]
                0.00    0.00       3/4           main [1]
[96]     0.0    0.00    0.00       4         st_init [96]
-----------------------------------------------
                0.00    0.00       4/4           UI_init [19]
[97]     0.0    0.00    0.00       4         window_insert_draw_func [97]
                0.00    0.00       4/42387       qu_enqueue [31]
-----------------------------------------------
                0.00    0.00       3/3           window_mgr_free [132]
[98]     0.0    0.00    0.00       3         free_window [98]
-----------------------------------------------
                0.00    0.00       3/3           window_mgr_add [102]
[99]     0.0    0.00    0.00       3         init_window [99]
                0.00    0.00       3/9           qu_init [83]
-----------------------------------------------
                0.00    0.00       3/3           scheduler_init [129]
[100]    0.0    0.00    0.00       3         ll_init [100]
-----------------------------------------------
                0.00    0.00       1/3           game_init [21]
                0.00    0.00       2/3           main [1]
[101]    0.0    0.00    0.00       3         schedule [101]
                0.00    0.00       3/5           schedule_cb [89]
-----------------------------------------------
                0.00    0.00       3/3           UI_init [19]
[102]    0.0    0.00    0.00       3         window_mgr_add [102]
                0.00    0.00       3/3           init_window [99]
                0.00    0.00       3/42387       qu_enqueue [31]
-----------------------------------------------
                0.00    0.00       2/2           UI_init [19]
[103]    0.0    0.00    0.00       2         box_win [103]
                0.00    0.00       2/2           draw_square [104]
-----------------------------------------------
                0.00    0.00       2/2           box_win [103]
[104]    0.0    0.00    0.00       2         draw_square [104]
                0.00    0.00       2/2           _draw_square [189]
-----------------------------------------------
                0.00    0.00       1/2           UI_init [19]
                0.00    0.00       1/2           world_init [135]
[105]    0.0    0.00    0.00       2         noise_init [105]
-----------------------------------------------
                0.00    0.00       2/2           scheduler_new_rq_ [109]
[106]    0.0    0.00    0.00       2         rq_init [106]
-----------------------------------------------
                0.00    0.00       2/2           rqll_kill_all_tasks [127]
[107]    0.0    0.00    0.00       2         rq_kill_all_tasks [107]
                0.00    0.00       4/5           tk_kill [90]
-----------------------------------------------
                0.00    0.00       1/2           game_init [21]
                0.00    0.00       1/2           init [14]
[108]    0.0    0.00    0.00       2         scheduler_new_rq [108]
                0.00    0.00       2/2           scheduler_new_rq_ [109]
-----------------------------------------------
                0.00    0.00       2/2           scheduler_new_rq [108]
[109]    0.0    0.00    0.00       2         scheduler_new_rq_ [109]
                0.00    0.00       2/2           rq_init [106]
                0.00    0.00       2/5300        ll_insert [63]
-----------------------------------------------
                0.00    0.00       1/1           exit_state [117]
[110]    0.0    0.00    0.00       1         UI_exit [110]
                0.00    0.00       1/1           window_mgr_free [132]
-----------------------------------------------
                0.00    0.00       1/1           rq_run [3]
[111]    0.0    0.00    0.00       1         cb_exit [111]
                0.00    0.00       1/1           kill_all_tasks [125]
-----------------------------------------------
                0.00    0.00       1/1           init [14]
[112]    0.0    0.00    0.00       1         checkifNULL [112]
-----------------------------------------------
                0.00    0.00       1/1           world_init [135]
[113]    0.0    0.00    0.00       1         chunk_create [113]
                0.00    0.00       1/10          _chunk_create [188]
-----------------------------------------------
                0.00    0.00       1/1           world_free [134]
[114]    0.0    0.00    0.00       1         chunk_free_all [114]
-----------------------------------------------
                0.00    0.00       1/1           chunk_get_free [77]
[115]    0.0    0.00    0.00       1         chunk_init_arena [115]
-----------------------------------------------
                0.00    0.00       1/1           game_init [21]
[116]    0.0    0.00    0.00       1         entity_set_keyboard_controller [116]
-----------------------------------------------
                0.00    0.00       1/1           main [1]
[117]    0.0    0.00    0.00       1         exit_state [117]
                0.00    0.00       1/1           game_free [118]
                0.00    0.00       1/1           UI_exit [110]
                0.00    0.00       1/1           scheduler_free [128]
-----------------------------------------------
                0.00    0.00       1/1           exit_state [117]
[118]    0.0    0.00    0.00       1         game_free [118]
                0.00    0.00       1/1           world_free [134]
-----------------------------------------------
                0.00    0.00       1/1           init_colors [121]
[119]    0.0    0.00    0.00       1         game_get_context [119]
-----------------------------------------------
                0.00    0.00       1/1           world_init [135]
[120]    0.0    0.00    0.00       1         ht_init [120]
-----------------------------------------------
                0.00    0.00       1/1           UI_init [19]
[121]    0.0    0.00    0.00       1         init_colors [121]
                0.00    0.00       1/1           game_get_context [119]
-----------------------------------------------
                0.00    0.00       1/1           game_init [21]
[122]    0.0    0.00    0.00       1         init_entity_types [122]
                0.00    0.00       8/8           create_entity_type [84]
-----------------------------------------------
                0.00    0.00       1/1           game_init [21]
[123]    0.0    0.00    0.00       1         init_skins [123]
                0.00    0.00       8/8           create_skin [85]
-----------------------------------------------
                0.00    0.00       1/1           init [14]
[124]    0.0    0.00    0.00       1         keyboard_init [124]
                0.00    0.00      13/17          timer_never [74]
-----------------------------------------------
                0.00    0.00       1/1           cb_exit [111]
[125]    0.0    0.00    0.00       1         kill_all_tasks [125]
                0.00    0.00       1/1           rqll_kill_all_tasks [127]
-----------------------------------------------
                0.00    0.00       1/1           world_free [134]
[126]    0.0    0.00    0.00       1         noise_free [126]
-----------------------------------------------
                0.00    0.00       1/1           kill_all_tasks [125]
[127]    0.0    0.00    0.00       1         rqll_kill_all_tasks [127]
                0.00    0.00       2/2           rq_kill_all_tasks [107]
                0.00    0.00       1/5298        ll_empty [64]
-----------------------------------------------
                0.00    0.00       1/1           exit_state [117]
[128]    0.0    0.00    0.00       1         scheduler_free [128]
-----------------------------------------------
                0.00    0.00       1/1           init [14]
[129]    0.0    0.00    0.00       1         scheduler_init [129]
                0.00    0.00       3/3           ll_init [100]
-----------------------------------------------
                0.00    0.00       1/1           st_push [131]
[130]    0.0    0.00    0.00       1         st_full [130]
-----------------------------------------------
                0.00    0.00       1/1           UI_init [19]
[131]    0.0    0.00    0.00       1         st_push [131]
                0.00    0.00       1/1           st_full [130]
-----------------------------------------------
                0.00    0.00       1/1           UI_exit [110]
[132]    0.0    0.00    0.00       1         window_mgr_free [132]
                0.00    0.00       3/3           free_window [98]
                0.00    0.00       3/21168       qu_get [37]
-----------------------------------------------
                0.00    0.00       1/1           UI_init [19]
[133]    0.0    0.00    0.00       1         window_mgr_init [133]
                0.00    0.00       1/9           qu_init [83]
-----------------------------------------------
                0.00    0.00       1/1           game_free [118]
[134]    0.0    0.00    0.00       1         world_free [134]
                0.00    0.00       1/1           chunk_free_all [114]
                0.00    0.00       1/1           noise_free [126]
-----------------------------------------------
                0.00    0.00       1/1           game_init [21]
[135]    0.0    0.00    0.00       1         world_init [135]
                0.00    0.00       1/1           ht_init [120]
                0.00    0.00       1/9           qu_init [83]
                0.00    0.00       1/2           noise_init [105]
                0.00    0.00       1/1           chunk_create [113]
-----------------------------------------------
                0.00    0.00       1/10          chunk_create [113]
                0.00    0.00       9/10          chunk_insert [80]
[188]    0.0    0.00    0.00      10         _chunk_create [188]
                0.00    0.00      10/10          chunk_get_free [77]
                0.00    0.00      10/10          chunk_determine_type [76]
                0.00    0.00      10/10          chunk_populate [78]
                0.00    0.00      10/15264       chunk_ht_hash [41]
                0.00    0.00      10/10          ht_insert [79]
-----------------------------------------------
                0.00    0.00       2/2           draw_square [104]
[189]    0.0    0.00    0.00       2         _draw_square [189]
                0.00    0.00       8/49393       draw_line [28]
-----------------------------------------------

 This table describes the call tree of the program, and was sorted by
 the total amount of time spent in each function and its children.

 Each entry in this table consists of several lines.  The line with the
 index number at the left hand margin lists the current function.
 The lines above it list the functions that called this function,
 and the lines below it list the functions this one called.
 This line lists:
     index	A unique number given to each element of the table.
		Index numbers are sorted numerically.
		The index number is printed next to every function name so
		it is easier to look up where the function is in the table.

     % time	This is the percentage of the `total' time that was spent
		in this function and its children.  Note that due to
		different viewpoints, functions excluded by options, etc,
		these numbers will NOT add up to 100%.

     self	This is the total amount of time spent in this function.

     children	This is the total amount of time propagated into this
		function by its children.

     called	This is the number of times the function was called.
		If the function called itself recursively, the number
		only includes non-recursive calls, and is followed by
		a `+' and the number of recursive calls.

     name	The name of the current function.  The index number is
		printed after it.  If the function is a member of a
		cycle, the cycle number is printed between the
		function's name and the index number.


 For the function's parents, the fields have the following meanings:

     self	This is the amount of time that was propagated directly
		from the function into this parent.

     children	This is the amount of time that was propagated from
		the function's children into this parent.

     called	This is the number of times this parent called the
		function `/' the total number of times the function
		was called.  Recursive calls to the function are not
		included in the number after the `/'.

     name	This is the name of the parent.  The parent's index
		number is printed after it.  If the parent is a
		member of a cycle, the cycle number is printed between
		the name and the index number.

 If the parents of the function cannot be determined, the word
 `<spontaneous>' is printed in the `name' field, and all the other
 fields are blank.

 For the function's children, the fields have the following meanings:

     self	This is the amount of time that was propagated directly
		from the child into the function.

     children	This is the amount of time that was propagated from the
		child's children to the function.

     called	This is the number of times the function called
		this child `/' the total number of times the child
		was called.  Recursive calls by the child are not
		listed in the number after the `/'.

     name	This is the name of the child.  The child's index
		number is printed after it.  If the child is a
		member of a cycle, the cycle number is printed
		between the name and the index number.

 If there are any cycles (circles) in the call graph, there is an
 entry for the cycle-as-a-whole.  This entry shows who called the
 cycle (as parents) and the members of the cycle (as children.)
 The `+' recursive calls entry shows the number of function calls that
 were internal to the cycle, and the calls entry for each member shows,
 for that member, how many times it was called from other members of
 the cycle.

Copyright (C) 2012-2025 Free Software Foundation, Inc.

Copying and distribution of this file, with or without modification,
are permitted in any medium without royalty provided the copyright
notice and this notice are preserved.

Index by function name

 [110] UI_exit                [15] game_cache_set         [93] rm_task
  [19] UI_init               [118] game_free              [87] rq_add
   [5] UI_loop               [119] game_get_context       [94] rq_empty
  [58] UI_update_time         [21] game_init              [88] rq_full
 [188] _chunk_create          [72] game_on_screen        [106] rq_init
 [189] _draw_square            [8] game_world_dirty      [107] rq_kill_all_tasks
  [10] _init                  [24] game_world_getxy       [95] rq_pop
 [103] box_win                [71] gamew_cache_set         [3] rq_run
 [111] cb_exit                [43] ht_entry              [127] rqll_kill_all_tasks
 [112] checkifNULL           [120] ht_init               [101] schedule
  [75] chunk_arena_next       [79] ht_insert              [89] schedule_cb
 [113] chunk_create           [44] ht_lookup               [2] schedule_run
  [76] chunk_determine_type   [14] init                  [128] scheduler_free
 [114] chunk_free_all        [121] init_colors           [129] scheduler_init
  [77] chunk_get_free        [122] init_entity_types     [108] scheduler_new_rq
  [41] chunk_ht_hash         [123] init_skins            [109] scheduler_new_rq_
 [115] chunk_init_arena       [99] init_window            [50] set_entity_facing (entity.c)
  [80] chunk_insert           [82] is_arena_full          [47] sign_of_int (UI.c)
  [42] chunk_lookup           [54] jobIO                 [130] st_full
  [81] chunk_nearest          [55] jobInput               [96] st_init
  [78] chunk_populate         [52] jobMain                [48] st_peek
  [69] chunk_populate_mountains [4] jobUI                [131] st_push
  [70] chunk_populate_plains  [33] kb_down                [36] tick_entity_behaviour
  [91] create_default_entity_controller [124] keyboard_init [46] timer_diff
  [84] create_entity_type     [56] keyboard_poll          [25] timer_diff_milisec
  [85] create_skin            [27] keyid_to_string        [22] timer_init
  [86] create_task           [125] kill_all_tasks         [74] timer_never
  [39] default_find_path      [49] lerp                   [23] timer_now
  [40] default_tick           [64] ll_empty               [57] timer_ready
  [29] draw_clock_needle      [62] ll_full                [16] timer_sleep
   [7] draw_gamewin          [100] ll_init                [13] timer_synchronize
  [18] draw_gamewin_nogui     [63] ll_insert              [90] tk_kill
  [59] draw_keyboard_state    [65] ll_rm                  [61] tk_sleep
  [28] draw_line              [73] man_dist               [34] topleft_coordinate
   [6] draw_main_menu        [126] noise_free             [17] update_game_world
  [60] draw_rt_clock         [105] noise_init             [38] vec2_dot
 [104] draw_square            [68] perlin_noise_2D        [53] wake_tasks
  [12] draw_uiwin             [66] player_tick            [97] window_insert_draw_func
 [116] entity_set_keyboard_controller [30] qu_dequeue    [102] window_mgr_add
  [92] entity_spawn           [26] qu_empty              [132] window_mgr_free
 [117] exit_state             [31] qu_enqueue            [133] window_mgr_init
  [51] fade                   [32] qu_full               [134] world_free
  [11] flush_game_entity_cache [37] qu_get                [45] world_getxy
  [20] flush_world_entity_cache [83] qu_init             [135] world_init
  [98] free_window            [35] qu_next
   [9] game_cache_get         [67] qu_peek
